  Running VPC CRC Check - vgui_controls.vpc
  AnalogBar.cpp
  AnimatingImagePanel.cpp
  AnimationController.cpp
  BitmapImagePanel.cpp
  BuildFactoryHelper.cpp
  BuildGroup.cpp
  BuildModeDialog.cpp
  Button.cpp
  CheckButton.cpp
c:\projects\classicoffensive\sdk\vgui2\vgui_controls\buildgroup.cpp(1350): warning C4456: declaration of 'i' hides previous local declaration
  c:\projects\classicoffensive\sdk\vgui2\vgui_controls\buildgroup.cpp(1340): note: see declaration of 'i'
c:\projects\classicoffensive\sdk\vgui2\vgui_controls\button.cpp(607): warning C4800: 'int': forcing value to bool 'true' or 'false' (performance warning)
c:\projects\classicoffensive\sdk\vgui2\vgui_controls\button.cpp(609): warning C4800: 'int': forcing value to bool 'true' or 'false' (performance warning)
c:\projects\classicoffensive\sdk\vgui2\vgui_controls\button.cpp(629): warning C4800: 'int': forcing value to bool 'true' or 'false' (performance warning)
c:\projects\classicoffensive\sdk\vgui2\vgui_controls\button.cpp(631): warning C4800: 'int': forcing value to bool 'true' or 'false' (performance warning)
c:\projects\classicoffensive\sdk\vgui2\vgui_controls\button.cpp(896): warning C4800: 'int': forcing value to bool 'true' or 'false' (performance warning)
  CheckButtonList.cpp
  CircularProgressBar.cpp
  ComboBox.cpp
  consoledialog.cpp
  ControllerMap.cpp
  controls.cpp
  CvarToggleCheckButton.cpp
  DirectorySelectDialog.cpp
  Divider.cpp
  EditablePanel.cpp
  ExpandButton.cpp
  FileOpenDialog.cpp
  FileOpenStateMachine.cpp
  filesystem_helpers.cpp
  FocusNavGroup.cpp
  Frame.cpp
  GraphPanel.cpp
  HTML.cpp
  Image.cpp
  ImageList.cpp
  ImagePanel.cpp
  InputDialog.cpp
  KeyBindingHelpDialog.cpp
c:\projects\classicoffensive\sdk\vgui2\vgui_controls\html.cpp(1758): warning C4800: 'int': forcing value to bool 'true' or 'false' (performance warning)
c:\projects\classicoffensive\sdk\vgui2\vgui_controls\imagepanel.cpp(290): warning C4800: 'int': forcing value to bool 'true' or 'false' (performance warning)
c:\projects\classicoffensive\sdk\vgui2\vgui_controls\imagepanel.cpp(291): warning C4800: 'int': forcing value to bool 'true' or 'false' (performance warning)
c:\projects\classicoffensive\sdk\vgui2\vgui_controls\keybindinghelpdialog.cpp(252): warning C4456: declaration of 'k' hides previous local declaration
  c:\projects\classicoffensive\sdk\vgui2\vgui_controls\keybindinghelpdialog.cpp(243): note: see declaration of 'k'
c:\projects\classicoffensive\sdk\vgui2\vgui_controls\keybindinghelpdialog.cpp(271): warning C4456: declaration of 'pPanel' hides previous local declaration
  c:\projects\classicoffensive\sdk\vgui2\vgui_controls\keybindinghelpdialog.cpp(237): note: see declaration of 'pPanel'
  KeyBoardEditorDialog.cpp
  KeyRepeat.cpp
  Label.cpp
  ListPanel.cpp
  ListViewPanel.cpp
c:\projects\classicoffensive\sdk\vgui2\vgui_controls\listpanel.cpp(609): warning C4800: 'int': forcing value to bool 'true' or 'false' (performance warning)
c:\projects\classicoffensive\sdk\vgui2\vgui_controls\listpanel.cpp(612): warning C4800: 'int': forcing value to bool 'true' or 'false' (performance warning)
c:\projects\classicoffensive\sdk\vgui2\vgui_controls\listpanel.cpp(1904): warning C4456: declaration of 'wide' hides previous local declaration
  c:\projects\classicoffensive\sdk\vgui2\vgui_controls\listpanel.cpp(1643): note: see declaration of 'wide'
c:\projects\classicoffensive\sdk\vgui2\vgui_controls\listpanel.cpp(1991): warning C4456: declaration of 'wide' hides previous local declaration
  c:\projects\classicoffensive\sdk\vgui2\vgui_controls\listpanel.cpp(1948): note: see declaration of 'wide'
c:\projects\classicoffensive\sdk\vgui2\vgui_controls\listpanel.cpp(2533): warning C4456: declaration of 'nStartItem' hides previous local declaration
  c:\projects\classicoffensive\sdk\vgui2\vgui_controls\listpanel.cpp(2415): note: see declaration of 'nStartItem'
  Menu.cpp
  MenuBar.cpp
  MenuButton.cpp
  MenuItem.cpp
  MessageBox.cpp
  MessageDialog.cpp
  Panel.cpp
  PanelListPanel.cpp
  PerforceFileExplorer.cpp
  PerforceFileList.cpp
c:\projects\classicoffensive\sdk\vgui2\vgui_controls\panel.cpp(1433): warning C4800: 'int': forcing value to bool 'true' or 'false' (performance warning)
c:\projects\classicoffensive\sdk\vgui2\vgui_controls\panel.cpp(1441): warning C4800: 'int': forcing value to bool 'true' or 'false' (performance warning)
c:\projects\classicoffensive\sdk\vgui2\vgui_controls\panel.cpp(3445): warning C4800: 'int': forcing value to bool 'true' or 'false' (performance warning)
c:\projects\classicoffensive\sdk\vgui2\vgui_controls\panel.cpp(4713): warning C4800: 'int': forcing value to bool 'true' or 'false' (performance warning)
c:\projects\classicoffensive\sdk\vgui2\vgui_controls\panel.cpp(4715): warning C4800: 'int': forcing value to bool 'true' or 'false' (performance warning)
c:\projects\classicoffensive\sdk\vgui2\vgui_controls\panel.cpp(4829): warning C4800: 'int': forcing value to bool 'true' or 'false' (performance warning)
c:\projects\classicoffensive\sdk\vgui2\vgui_controls\panel.cpp(5427): warning C4800: 'int': forcing value to bool 'true' or 'false' (performance warning)
c:\projects\classicoffensive\sdk\vgui2\vgui_controls\panel.cpp(6978): warning C4456: declaration of 'c' hides previous local declaration
  c:\projects\classicoffensive\sdk\vgui2\vgui_controls\panel.cpp(6955): note: see declaration of 'c'
c:\projects\classicoffensive\sdk\vgui2\vgui_controls\panel.cpp(7403): warning C4456: declaration of 'data' hides previous local declaration
  c:\projects\classicoffensive\sdk\vgui2\vgui_controls\panel.cpp(7384): note: see declaration of 'data'
c:\projects\classicoffensive\sdk\vgui2\vgui_controls\panel.cpp(7405): warning C4456: declaration of 'i' hides previous local declaration
  c:\projects\classicoffensive\sdk\vgui2\vgui_controls\panel.cpp(7382): note: see declaration of 'i'
c:\projects\classicoffensive\sdk\vgui2\vgui_controls\panel.cpp(7405): warning C4456: declaration of 'c' hides previous local declaration
  c:\projects\classicoffensive\sdk\vgui2\vgui_controls\panel.cpp(7381): note: see declaration of 'c'
c:\projects\classicoffensive\sdk\vgui2\vgui_controls\perforcefileexplorer.cpp(206): warning C4456: declaration of 'pFileName' hides previous local declaration
  c:\projects\classicoffensive\sdk\vgui2\vgui_controls\perforcefileexplorer.cpp(184): note: see declaration of 'pFileName'
  perforcefilelistframe.cpp
  ProgressBar.cpp
  ProgressBox.cpp
  PropertyDialog.cpp
  PropertyPage.cpp
  PropertySheet.cpp
  QueryBox.cpp
  RadioButton.cpp
  RichText.cpp
c:\projects\classicoffensive\sdk\vgui2\vgui_controls\propertysheet.cpp(271): warning C4456: declaration of 'sheet' hides previous local declaration
  c:\projects\classicoffensive\sdk\vgui2\vgui_controls\propertysheet.cpp(254): note: see declaration of 'sheet'
c:\projects\classicoffensive\sdk\vgui2\vgui_controls\propertysheet.cpp(1026): warning C4456: declaration of 'tall' hides previous local declaration
  c:\projects\classicoffensive\sdk\vgui2\vgui_controls\propertysheet.cpp(996): note: see declaration of 'tall'
  RotatingProgressBar.cpp
  savedocumentquery.cpp
  ScalableImagePanel.cpp
c:\projects\classicoffensive\sdk\vgui2\vgui_controls\richtext.cpp(1591): warning C4457: declaration of 'x' hides function parameter
  c:\projects\classicoffensive\sdk\vgui2\vgui_controls\richtext.cpp(1586): note: see declaration of 'x'
c:\projects\classicoffensive\sdk\vgui2\vgui_controls\richtext.cpp(1591): warning C4457: declaration of 'y' hides function parameter
  c:\projects\classicoffensive\sdk\vgui2\vgui_controls\richtext.cpp(1586): note: see declaration of 'y'
c:\projects\classicoffensive\sdk\vgui2\vgui_controls\richtext.cpp(2371): warning C4800: 'int': forcing value to bool 'true' or 'false' (performance warning)
  ScrollableEditablePanel.cpp
  ScrollBar.cpp
  ScrollBarSlider.cpp
  SectionedListPanel.cpp
  Slider.cpp
  Splitter.cpp
  subrectimage.cpp
c:\projects\classicoffensive\sdk\vgui2\vgui_controls\sectionedlistpanel.cpp(567): warning C4456: declaration of 'tall' hides previous local declaration
  c:\projects\classicoffensive\sdk\vgui2\vgui_controls\sectionedlistpanel.cpp(531): note: see declaration of 'tall'
c:\projects\classicoffensive\sdk\vgui2\vgui_controls\sectionedlistpanel.cpp(568): warning C4456: declaration of 'wide' hides previous local declaration
  c:\projects\classicoffensive\sdk\vgui2\vgui_controls\sectionedlistpanel.cpp(531): note: see declaration of 'wide'
  TextEntry.cpp
  TextImage.cpp
  ToggleButton.cpp
  Tooltip.cpp
  ToolWindow.cpp
c:\projects\classicoffensive\sdk\vgui2\vgui_controls\textentry.cpp(1445): warning C4457: declaration of 'x' hides function parameter
  c:\projects\classicoffensive\sdk\vgui2\vgui_controls\textentry.cpp(1440): note: see declaration of 'x'
c:\projects\classicoffensive\sdk\vgui2\vgui_controls\textentry.cpp(1445): warning C4457: declaration of 'y' hides function parameter
  c:\projects\classicoffensive\sdk\vgui2\vgui_controls\textentry.cpp(1440): note: see declaration of 'y'
c:\projects\classicoffensive\sdk\vgui2\vgui_controls\textentry.cpp(3742): warning C4800: 'int': forcing value to bool 'true' or 'false' (performance warning)
c:\projects\classicoffensive\sdk\vgui2\vgui_controls\textentry.cpp(3743): warning C4800: 'int': forcing value to bool 'true' or 'false' (performance warning)
c:\projects\classicoffensive\sdk\vgui2\vgui_controls\textentry.cpp(3745): warning C4800: 'int': forcing value to bool 'true' or 'false' (performance warning)
c:\projects\classicoffensive\sdk\vgui2\vgui_controls\textentry.cpp(3746): warning C4800: 'int': forcing value to bool 'true' or 'false' (performance warning)
c:\projects\classicoffensive\sdk\vgui2\vgui_controls\textentry.cpp(3747): warning C4800: 'int': forcing value to bool 'true' or 'false' (performance warning)
  TreeView.cpp
  TreeViewListControl.cpp
  URLLabel.cpp
  vgui_key_translation.cpp
c:\projects\classicoffensive\sdk\vgui2\vgui_controls\treeview.cpp(672): warning C4800: 'int': forcing value to bool 'true' or 'false' (performance warning)
  WizardPanel.cpp
  WizardSubPanel.cpp
  vgui_controls.vcxproj -> C:\Projects\ClassicOffensive\sdk\vgui2\vgui_controls\..\..\lib\public\.\vgui_controls.lib
