c:\projects\classicoffensive\sdk\tier1\release\tier1.pdb
c:\projects\classicoffensive\sdk\tier1\release\strtools.obj
c:\projects\classicoffensive\sdk\tier1\release\stringpool.obj
c:\projects\classicoffensive\sdk\tier1\release\rangecheckedvar.obj
c:\projects\classicoffensive\sdk\tier1\release\processor_detect.obj
c:\projects\classicoffensive\sdk\tier1\release\newbitbuf.obj
c:\projects\classicoffensive\sdk\tier1\release\netadr.obj
c:\projects\classicoffensive\sdk\tier1\release\memstack.obj
c:\projects\classicoffensive\sdk\tier1\release\mempool.obj
c:\projects\classicoffensive\sdk\tier1\release\keyvalues.obj
c:\projects\classicoffensive\sdk\tier1\release\interface.obj
c:\projects\classicoffensive\sdk\tier1\release\generichash.obj
c:\projects\classicoffensive\sdk\tier1\release\diff.obj
c:\projects\classicoffensive\sdk\tier1\release\datamanager.obj
c:\projects\classicoffensive\sdk\tier1\release\convar.obj
c:\projects\classicoffensive\sdk\tier1\release\commandbuffer.obj
c:\projects\classicoffensive\sdk\tier1\release\checksum_md5.obj
c:\projects\classicoffensive\sdk\tier1\release\checksum_crc.obj
c:\projects\classicoffensive\sdk\tier1\release\characterset.obj
c:\projects\classicoffensive\sdk\tier1\release\byteswap.obj
c:\projects\classicoffensive\sdk\tier1\release\bitbuf.obj
c:\projects\classicoffensive\sdk\tier1\release\utlsymbol.obj
c:\projects\classicoffensive\sdk\tier1\release\utlstring.obj
c:\projects\classicoffensive\sdk\tier1\release\utlbufferutil.obj
c:\projects\classicoffensive\sdk\tier1\release\utlbuffer.obj
c:\projects\classicoffensive\sdk\tier1\release\uniqueid.obj
c:\projects\classicoffensive\sdk\tier1\release\tier1.obj
c:\projects\classicoffensive\sdk\lib\public\tier1.lib
c:\projects\classicoffensive\sdk\tier1\..\lib\public\tier1.lib
c:\projects\classicoffensive\sdk\tier1\release\tier1.tlog\cl.command.1.tlog
c:\projects\classicoffensive\sdk\tier1\release\tier1.tlog\cl.read.1.tlog
c:\projects\classicoffensive\sdk\tier1\release\tier1.tlog\cl.write.1.tlog
c:\projects\classicoffensive\sdk\tier1\release\tier1.tlog\lib-link.read.1.tlog
c:\projects\classicoffensive\sdk\tier1\release\tier1.tlog\lib-link.write.1.tlog
c:\projects\classicoffensive\sdk\tier1\release\tier1.tlog\lib.command.1.tlog
