  bitbuf.cpp
  byteswap.cpp
  characterset.cpp
  checksum_crc.cpp
  checksum_md5.cpp
  commandbuffer.cpp
  convar.cpp
  datamanager.cpp
  diff.cpp
  generichash.cpp
  interface.cpp
  KeyValues.cpp
  mempool.cpp
  memstack.cpp
  NetAdr.cpp
  newbitbuf.cpp
  processor_detect.cpp
  rangecheckedvar.cpp
  stringpool.cpp
  strtools.cpp
  Generating Code...
  Compiling...
  tier1.cpp
  uniqueid.cpp
  utlbuffer.cpp
  utlbufferutil.cpp
  utlstring.cpp
  utlsymbol.cpp
  Generating Code...
  tier1.vcxproj -> C:\Projects\ClassicOffensive\sdk\tier1\..\lib\public\tier1.lib
